<?xml version="1.0" encoding="UTF-8"?>
<!-- Generated by org.testng.reporters.JUnitReportReporter -->
<testsuite skipped="0" hostname="Shankars-MacBook-Air.local" name="testVagrant.PlaylistTest" tests="1" failures="0" timestamp="2023-08-20T12:52:04 IST" time="0.021" errors="0">
  <testcase name="testRecentSongs" time="0.021" classname="testVagrant.PlaylistTest"/>
  <system-out/>
</testsuite> <!-- testVagrant.PlaylistTest -->
