<?xml version="1.0" encoding="UTF-8"?>
<!-- Generated by org.testng.reporters.JUnitReportReporter -->
<testsuite skipped="0" hostname="Shankars-MacBook-Air.local" name="testVagrant.SongplaylistTest" tests="6" failures="0" timestamp="2023-08-20T22:28:21 IST" time="0.034" errors="0">
  <testcase name="test4" time="0.002" classname="testVagrant.SongplaylistTest"/>
  <system-out/>
  <testcase name="test2" time="0.006" classname="testVagrant.SongplaylistTest"/>
  <system-out/>
  <testcase name="test6" time="0.002" classname="testVagrant.SongplaylistTest"/>
  <system-out/>
  <testcase name="test3" time="0.002" classname="testVagrant.SongplaylistTest"/>
  <system-out/>
  <testcase name="test1" time="0.021" classname="testVagrant.SongplaylistTest"/>
  <system-out/>
  <testcase name="test5" time="0.001" classname="testVagrant.SongplaylistTest"/>
  <system-out/>
</testsuite> <!-- testVagrant.SongplaylistTest -->
