<?xml version="1.0" encoding="UTF-8"?>
<!-- Generated by org.testng.reporters.JUnitReportReporter -->
<testsuite skipped="0" hostname="Shankars-MacBook-Air.local" name="testVagrant.SongStoreTest" tests="6" failures="0" timestamp="2023-08-20T22:19:39 IST" time="0.029" errors="0">
  <testcase name="test4" time="0.001" classname="testVagrant.SongStoreTest"/>
  <system-out/>
  <testcase name="test2" time="0.004" classname="testVagrant.SongStoreTest"/>
  <system-out/>
  <testcase name="test6" time="0.002" classname="testVagrant.SongStoreTest"/>
  <system-out/>
  <testcase name="test3" time="0.002" classname="testVagrant.SongStoreTest"/>
  <system-out/>
  <testcase name="test1" time="0.019" classname="testVagrant.SongStoreTest"/>
  <system-out/>
  <testcase name="test5" time="0.001" classname="testVagrant.SongStoreTest"/>
  <system-out/>
</testsuite> <!-- testVagrant.SongStoreTest -->
